2023-09-01T14:24:43.660+07:00  INFO 10632 --- [main] c.m.m.ModelMappingDtoApplication         : Starting ModelMappingDtoApplication using Java 17.0.4.1 with PID 10632 (D:\lessons\ModelMappingDTO\target\classes started by Theara in D:\lessons\ModelMappingDTO)
2023-09-01T14:24:43.661+07:00 DEBUG 10632 --- [main] c.m.m.ModelMappingDtoApplication         : Running with Spring Boot v3.1.3, Spring v6.0.11
2023-09-01T14:24:43.663+07:00  INFO 10632 --- [main] c.m.m.ModelMappingDtoApplication         : No active profile set, falling back to 1 default profile: "default"
2023-09-01T14:24:44.504+07:00  INFO 10632 --- [main] .s.d.r.c.RepositoryConfigurationDelegate : Bootstrapping Spring Data JPA repositories in DEFAULT mode.
2023-09-01T14:24:44.570+07:00  INFO 10632 --- [main] .s.d.r.c.RepositoryConfigurationDelegate : Finished Spring Data repository scanning in 57 ms. Found 2 JPA repository interfaces.
2023-09-01T14:24:45.108+07:00  INFO 10632 --- [main] o.s.b.w.embedded.tomcat.TomcatWebServer  : Tomcat initialized with port(s): 8888 (http)
2023-09-01T14:24:45.121+07:00  INFO 10632 --- [main] o.apache.catalina.core.StandardService   : Starting service [Tomcat]
2023-09-01T14:24:45.122+07:00  INFO 10632 --- [main] o.apache.catalina.core.StandardEngine    : Starting Servlet engine: [Apache Tomcat/10.1.12]
2023-09-01T14:24:45.247+07:00  INFO 10632 --- [main] o.a.c.c.C.[Tomcat].[localhost].[/]       : Initializing Spring embedded WebApplicationContext
2023-09-01T14:24:45.247+07:00  INFO 10632 --- [main] w.s.c.ServletWebServerApplicationContext : Root WebApplicationContext: initialization completed in 1520 ms
2023-09-01T14:24:45.790+07:00  INFO 10632 --- [main] o.s.o.j.p.SpringPersistenceUnitInfo      : No LoadTimeWeaver setup: ignoring JPA class transformer
2023-09-01T14:24:45.810+07:00  INFO 10632 --- [main] com.zaxxer.hikari.HikariDataSource       : HikariPool-1 - Starting...
2023-09-01T14:24:46.152+07:00  INFO 10632 --- [main] com.zaxxer.hikari.pool.HikariPool        : HikariPool-1 - Added connection com.mysql.cj.jdbc.ConnectionImpl@43c0c13a
2023-09-01T14:24:46.154+07:00  INFO 10632 --- [main] com.zaxxer.hikari.HikariDataSource       : HikariPool-1 - Start completed.
2023-09-01T14:24:47.317+07:00  INFO 10632 --- [main] j.LocalContainerEntityManagerFactoryBean : Initialized JPA EntityManagerFactory for persistence unit 'default'
2023-09-01T14:24:47.651+07:00  WARN 10632 --- [main] JpaBaseConfiguration$JpaWebConfiguration : spring.jpa.open-in-view is enabled by default. Therefore, database queries may be performed during view rendering. Explicitly configure spring.jpa.open-in-view to disable this warning
2023-09-01T14:24:47.771+07:00 DEBUG 10632 --- [main] s.w.s.m.m.a.RequestMappingHandlerAdapter : ControllerAdvice beans: 0 @ModelAttribute, 0 @InitBinder, 1 RequestBodyAdvice, 1 ResponseBodyAdvice
2023-09-01T14:24:47.864+07:00 DEBUG 10632 --- [main] s.w.s.m.m.a.RequestMappingHandlerMapping : 3 mappings in 'requestMappingHandlerMapping'
2023-09-01T14:24:47.900+07:00 DEBUG 10632 --- [main] o.s.w.s.handler.SimpleUrlHandlerMapping  : Patterns [/webjars/**, /**] in 'resourceHandlerMapping'
2023-09-01T14:24:47.910+07:00 DEBUG 10632 --- [main] .m.m.a.ExceptionHandlerExceptionResolver : ControllerAdvice beans: 0 @ExceptionHandler, 1 ResponseBodyAdvice
2023-09-01T14:24:48.033+07:00  INFO 10632 --- [main] o.s.b.w.embedded.tomcat.TomcatWebServer  : Tomcat started on port(s): 8888 (http) with context path ''
2023-09-01T14:24:48.041+07:00  INFO 10632 --- [main] c.m.m.ModelMappingDtoApplication         : Started ModelMappingDtoApplication in 5.086 seconds (process running for 5.927)
2023-09-01T14:25:17.546+07:00  INFO 10632 --- [SpringApplicationShutdownHook] j.LocalContainerEntityManagerFactoryBean : Closing JPA EntityManagerFactory for persistence unit 'default'
2023-09-01T14:25:17.548+07:00  INFO 10632 --- [SpringApplicationShutdownHook] com.zaxxer.hikari.HikariDataSource       : HikariPool-1 - Shutdown initiated...
2023-09-01T14:25:17.556+07:00  INFO 10632 --- [SpringApplicationShutdownHook] com.zaxxer.hikari.HikariDataSource       : HikariPool-1 - Shutdown completed.
